<?xml version="1.0" encoding="UTF-8"?>
<!-- Generated by org.testng.reporters.JUnitReportReporter -->
<testsuite hostname="BINTERNS-QA31L" failures="0" tests="29" name="Netmeds_Test.Netmeds_Test_1" time="2.387" errors="1" timestamp="2023-05-09T12:08:22 IST" skipped="28">
  <testcase classname="Netmeds_Test.Netmeds_Test_1" name="launchWebsite" time="2.386">
    <error message="unknown error: net::ERR_INTERNET_DISCONNECTED
  (Session info: chrome=113.0.5672.63)
Build info: version: &#039;4.8.3&#039;, revision: &#039;e5e76298c3&#039;
System info: os.name: &#039;Windows 10&#039;, os.arch: &#039;amd64&#039;, os.version: &#039;10.0&#039;, java.version: &#039;17.0.4.1&#039;
Driver info: org.openqa.selenium.chrome.ChromeDriver
Command: [5f0e66d0c2071121694bb826af641a93, get {url=https://www.netmeds.com}]
Capabilities {acceptInsecureCerts: false, browserName: chrome, browserVersion: 113.0.5672.63, chrome: {chromedriverVersion: 113.0.5672.63 (0e1a4471d5ae..., userDataDir: C:\Users\gukaur\AppData\Loc...}, goog:chromeOptions: {debuggerAddress: localhost:52378}, networkConnectionEnabled: false, pageLoadStrategy: normal, platformName: WINDOWS, proxy: Proxy(), se:cdp: ws://localhost:52378/devtoo..., se:cdpVersion: 113.0.5672.63, setWindowRect: true, strictFileInteractability: false, timeouts: {implicit: 0, pageLoad: 300000, script: 30000}, unhandledPromptBehavior: dismiss and notify, webauthn:extension:credBlob: true, webauthn:extension:largeBlob: true, webauthn:extension:minPinLength: true, webauthn:extension:prf: true, webauthn:virtualAuthenticators: true}
Session ID: 5f0e66d0c2071121694bb826af641a93" type="org.openqa.selenium.WebDriverException">
      <![CDATA[org.openqa.selenium.WebDriverException: unknown error: net::ERR_INTERNET_DISCONNECTED
  (Session info: chrome=113.0.5672.63)
Build info: version: '4.8.3', revision: 'e5e76298c3'
System info: os.name: 'Windows 10', os.arch: 'amd64', os.version: '10.0', java.version: '17.0.4.1'
Driver info: org.openqa.selenium.chrome.ChromeDriver
Command: [5f0e66d0c2071121694bb826af641a93, get {url=https://www.netmeds.com}]
Capabilities {acceptInsecureCerts: false, browserName: chrome, browserVersion: 113.0.5672.63, chrome: {chromedriverVersion: 113.0.5672.63 (0e1a4471d5ae..., userDataDir: C:\Users\gukaur\AppData\Loc...}, goog:chromeOptions: {debuggerAddress: localhost:52378}, networkConnectionEnabled: false, pageLoadStrategy: normal, platformName: WINDOWS, proxy: Proxy(), se:cdp: ws://localhost:52378/devtoo..., se:cdpVersion: 113.0.5672.63, setWindowRect: true, strictFileInteractability: false, timeouts: {implicit: 0, pageLoad: 300000, script: 30000}, unhandledPromptBehavior: dismiss and notify, webauthn:extension:credBlob: true, webauthn:extension:largeBlob: true, webauthn:extension:minPinLength: true, webauthn:extension:prf: true, webauthn:virtualAuthenticators: true}
Session ID: 5f0e66d0c2071121694bb826af641a93
at java.base/jdk.internal.reflect.NativeConstructorAccessorImpl.newInstance0(Native Method)
at java.base/jdk.internal.reflect.NativeConstructorAccessorImpl.newInstance(NativeConstructorAccessorImpl.java:77)
at java.base/jdk.internal.reflect.DelegatingConstructorAccessorImpl.newInstance(DelegatingConstructorAccessorImpl.java:45)
at java.base/java.lang.reflect.Constructor.newInstanceWithCaller(Constructor.java:499)
at java.base/java.lang.reflect.Constructor.newInstance(Constructor.java:480)
at org.openqa.selenium.remote.codec.w3c.W3CHttpResponseCodec.createException(W3CHttpResponseCodec.java:200)
at org.openqa.selenium.remote.codec.w3c.W3CHttpResponseCodec.decode(W3CHttpResponseCodec.java:133)
at org.openqa.selenium.remote.codec.w3c.W3CHttpResponseCodec.decode(W3CHttpResponseCodec.java:53)
at org.openqa.selenium.remote.HttpCommandExecutor.execute(HttpCommandExecutor.java:193)
at org.openqa.selenium.remote.service.DriverCommandExecutor.invokeExecute(DriverCommandExecutor.java:183)
at org.openqa.selenium.remote.service.DriverCommandExecutor.execute(DriverCommandExecutor.java:158)
at org.openqa.selenium.remote.RemoteWebDriver.execute(RemoteWebDriver.java:543)
at org.openqa.selenium.remote.RemoteWebDriver.get(RemoteWebDriver.java:297)
at Netmeds_Testbase.Netmeds_Testbase.initialize(Netmeds_Testbase.java:32)
at Netmeds_Test.Netmeds_Test_1.launchWebsite(Netmeds_Test_1.java:22)
at java.base/jdk.internal.reflect.NativeMethodAccessorImpl.invoke0(Native Method)
at java.base/jdk.internal.reflect.NativeMethodAccessorImpl.invoke(NativeMethodAccessorImpl.java:77)
at java.base/jdk.internal.reflect.DelegatingMethodAccessorImpl.invoke(DelegatingMethodAccessorImpl.java:43)
at java.base/java.lang.reflect.Method.invoke(Method.java:568)
at org.testng.internal.invokers.MethodInvocationHelper.invokeMethod(MethodInvocationHelper.java:139)
at org.testng.internal.invokers.MethodInvocationHelper.invokeMethodConsideringTimeout(MethodInvocationHelper.java:69)
at org.testng.internal.invokers.ConfigInvoker.invokeConfigurationMethod(ConfigInvoker.java:361)
at org.testng.internal.invokers.ConfigInvoker.invokeConfigurations(ConfigInvoker.java:296)
at org.testng.internal.invokers.TestMethodWorker.invokeBeforeClassMethods(TestMethodWorker.java:180)
at org.testng.internal.invokers.TestMethodWorker.run(TestMethodWorker.java:122)
at java.base/java.util.ArrayList.forEach(ArrayList.java:1511)
at org.testng.TestRunner.privateRun(TestRunner.java:829)
at org.testng.TestRunner.run(TestRunner.java:602)
at org.testng.SuiteRunner.runTest(SuiteRunner.java:437)
at org.testng.SuiteRunner.runSequentially(SuiteRunner.java:431)
at org.testng.SuiteRunner.privateRun(SuiteRunner.java:391)
at org.testng.SuiteRunner.run(SuiteRunner.java:330)
at org.testng.SuiteRunnerWorker.runSuite(SuiteRunnerWorker.java:52)
at org.testng.SuiteRunnerWorker.run(SuiteRunnerWorker.java:95)
at org.testng.TestNG.runSuitesSequentially(TestNG.java:1256)
at org.testng.TestNG.runSuitesLocally(TestNG.java:1176)
at org.testng.TestNG.runSuites(TestNG.java:1099)
at org.testng.TestNG.run(TestNG.java:1067)
at org.testng.remote.AbstractRemoteTestNG.run(AbstractRemoteTestNG.java:115)
at org.testng.remote.RemoteTestNG.initAndRun(RemoteTestNG.java:251)
at org.testng.remote.RemoteTestNG.main(RemoteTestNG.java:77)
]]>
    </error>
  </testcase> <!-- launchWebsite -->
  <system-out/>
  <testcase classname="Netmeds_Test.Netmeds_Test_1" name="Logo_Visibility" time="0.000">
    <skipped/>
  </testcase> <!-- Logo_Visibility -->
  <system-out/>
  <testcase classname="Netmeds_Test.Netmeds_Test_1" name="Search" time="0.000">
    <skipped/>
  </testcase> <!-- Search -->
  <system-out/>
  <testcase classname="Netmeds_Test.Netmeds_Test_1" name="Medicine" time="0.000">
    <skipped/>
  </testcase> <!-- Medicine -->
  <system-out/>
  <testcase classname="Netmeds_Test.Netmeds_Test_1" name="Wellness_Ayush" time="0.000">
    <skipped/>
  </testcase> <!-- Wellness_Ayush -->
  <system-out/>
  <testcase classname="Netmeds_Test.Netmeds_Test_1" name="Wellness_CovidEssentials" time="0.000">
    <skipped/>
  </testcase> <!-- Wellness_CovidEssentials -->
  <system-out/>
  <testcase classname="Netmeds_Test.Netmeds_Test_1" name="Wellness_Devices" time="0.000">
    <skipped/>
  </testcase> <!-- Wellness_Devices -->
  <system-out/>
  <testcase classname="Netmeds_Test.Netmeds_Test_1" name="Wellness_Diabetes_Support" time="0.000">
    <skipped/>
  </testcase> <!-- Wellness_Diabetes_Support -->
  <system-out/>
  <testcase classname="Netmeds_Test.Netmeds_Test_1" name="Wellness_Eyewear" time="0.000">
    <skipped/>
  </testcase> <!-- Wellness_Eyewear -->
  <system-out/>
  <testcase classname="Netmeds_Test.Netmeds_Test_1" name="Wellness_Fitness" time="0.000">
    <skipped/>
  </testcase> <!-- Wellness_Fitness -->
  <system-out/>
  <testcase classname="Netmeds_Test.Netmeds_Test_1" name="Wellness_Health_Conditions" time="0.000">
    <skipped/>
  </testcase> <!-- Wellness_Health_Conditions -->
  <system-out/>
  <testcase classname="Netmeds_Test.Netmeds_Test_1" name="Navigation_Section" time="0.000">
    <skipped/>
  </testcase> <!-- Navigation_Section -->
  <system-out/>
  <testcase classname="Netmeds_Test.Netmeds_Test_1" name="COVID_Essentials" time="0.000">
    <skipped/>
  </testcase> <!-- COVID_Essentials -->
  <system-out/>
  <testcase classname="Netmeds_Test.Netmeds_Test_1" name="Diabetes" time="0.000">
    <skipped/>
  </testcase> <!-- Diabetes -->
  <system-out/>
  <testcase classname="Netmeds_Test.Netmeds_Test_1" name="Veterinary" time="0.000">
    <skipped/>
  </testcase> <!-- Veterinary -->
  <system-out/>
  <testcase classname="Netmeds_Test.Netmeds_Test_1" name="Homeopathy" time="0.000">
    <skipped/>
  </testcase> <!-- Homeopathy -->
  <system-out/>
  <testcase classname="Netmeds_Test.Netmeds_Test_1" name="Devices" time="0.001">
    <skipped/>
  </testcase> <!-- Devices -->
  <system-out/>
  <testcase classname="Netmeds_Test.Netmeds_Test_1" name="Next_Slider_Ad" time="0.000">
    <skipped/>
  </testcase> <!-- Next_Slider_Ad -->
  <system-out/>
  <testcase classname="Netmeds_Test.Netmeds_Test_1" name="Previous_Slider_Ad" time="0.000">
    <skipped/>
  </testcase> <!-- Previous_Slider_Ad -->
  <system-out/>
  <testcase classname="Netmeds_Test.Netmeds_Test_1" name="Payment_Partner_Offers" time="0.000">
    <skipped/>
  </testcase> <!-- Payment_Partner_Offers -->
  <system-out/>
  <testcase classname="Netmeds_Test.Netmeds_Test_1" name="Netmeds_Stores" time="0.000">
    <skipped/>
  </testcase> <!-- Netmeds_Stores -->
  <system-out/>
  <testcase classname="Netmeds_Test.Netmeds_Test_1" name="Stores_Map" time="0.000">
    <skipped/>
  </testcase> <!-- Stores_Map -->
  <system-out/>
  <testcase classname="Netmeds_Test.Netmeds_Test_1" name="Change_Pincode" time="0.000">
    <skipped/>
  </testcase> <!-- Change_Pincode -->
  <system-out/>
  <testcase classname="Netmeds_Test.Netmeds_Test_1" name="Location_Info" time="0.000">
    <skipped/>
  </testcase> <!-- Location_Info -->
  <system-out/>
  <testcase classname="Netmeds_Test.Netmeds_Test_1" name="Stores_Count" time="0.000">
    <skipped/>
  </testcase> <!-- Stores_Count -->
  <system-out/>
  <testcase classname="Netmeds_Test.Netmeds_Test_1" name="Stores_List" time="0.000">
    <skipped/>
  </testcase> <!-- Stores_List -->
  <system-out/>
  <testcase classname="Netmeds_Test.Netmeds_Test_1" name="Bottom_Footer" time="0.000">
    <skipped/>
  </testcase> <!-- Bottom_Footer -->
  <system-out/>
  <testcase classname="Netmeds_Test.Netmeds_Test_1" name="Buy_Again">
    <skipped/>
  </testcase> <!-- Buy_Again -->
  <system-out/>
  <testcase classname="Netmeds_Test.Netmeds_Test_1" name="Sign_In">
    <skipped/>
  </testcase> <!-- Sign_In -->
  <system-out/>
</testsuite> <!-- Netmeds_Test.Netmeds_Test_1 -->
